
The following files have been resolved:
   org.eclipse.jetty:jetty-server:jar:9.4.12.v20180830:compile
   com.sparkjava:spark-core:jar:2.8.0:compile
   org.eclipse.jetty:jetty-webapp:jar:9.4.12.v20180830:compile
   org.eclipse.jetty:jetty-xml:jar:9.4.12.v20180830:compile
   javax.servlet:javax.servlet-api:jar:3.1.0:compile
   org.eclipse.jetty.websocket:websocket-server:jar:9.4.12.v20180830:compile
   org.eclipse.jetty.websocket:websocket-servlet:jar:9.4.12.v20180830:compile
   com.google.code.gson:gson:jar:2.8.5:compile
   org.eclipse.jetty.websocket:websocket-client:jar:9.4.12.v20180830:compile
   org.mongodb:mongo-java-driver:jar:3.12.12:compile
   org.eclipse.jetty:jetty-util:jar:9.4.12.v20180830:compile
   org.slf4j:slf4j-api:jar:1.7.25:compile
   org.eclipse.jetty:jetty-security:jar:9.4.12.v20180830:compile
   org.eclipse.jetty:jetty-client:jar:9.4.12.v20180830:compile
   org.eclipse.jetty:jetty-http:jar:9.4.12.v20180830:compile
   org.eclipse.jetty.websocket:websocket-api:jar:9.4.12.v20180830:compile
   org.eclipse.jetty:jetty-io:jar:9.4.12.v20180830:compile
   org.eclipse.jetty:jetty-servlet:jar:9.4.12.v20180830:compile
   org.eclipse.jetty.websocket:websocket-common:jar:9.4.12.v20180830:compile
   org.slf4j:slf4j-simple:jar:1.7.22:compile

